!SESSION 2020-12-09 19:59:48.867 -----------------------------------------------
eclipse.buildId=4.17.0.I20200902-1800
java.version=12.0.2
java.vendor=Oracle Corporation
BootLoader constants: OS=macosx, ARCH=x86_64, WS=cocoa, NL=en_CA
Framework arguments:  -keyring /Users/anshul/.eclipse_keyring
Command-line arguments:  -os macosx -ws cocoa -arch x86_64 -data /Users/anshul/Documents/Python_bot -keyring /Users/anshul/.eclipse_keyring

!ENTRY org.eclipse.oomph.setup.ui 1 0 2020-12-09 20:00:16.670
!MESSAGE Setup tasks were performed during startup updating 315 preferences.See '/Applications/Eclipse.app/Contents/Eclipse/configuration/org.eclipse.oomph.setup/setup.log' for details

!ENTRY org.python.pydev.shared_core 1 1 2020-12-09 20:00:44.751
!MESSAGE - Ok, file is non-null. Getting info on:/usr/bin/python
- Beggining task:Getting libs totalWork:100
- Setting task name:Mounting executable string...
- Setting task name:Executing:  /usr/bin/python -u /Users/anshul/.p2/pool/plugins/org.python.pydev.core_7.5.0.202001101138/pysrc/interpreterInfo.py
- Setting task name:Making pythonpath environment... /usr/bin/python -u /Users/anshul/.p2/pool/plugins/org.python.pydev.core_7.5.0.202001101138/pysrc/interpreterInfo.py
- Setting task name:Making exec... /usr/bin/python -u /Users/anshul/.p2/pool/plugins/org.python.pydev.core_7.5.0.202001101138/pysrc/interpreterInfo.py
- Setting task name:Reading output...
- Setting task name:Waiting for process to finish.
- Setting task name:Process finished.
- Success getting the info. Result:<xml>
<name>python</name>
<version>2.7</version>
<executable>/usr/bin/python</executable>
<lib>/System/Library/Frameworks/Python.framework/Versions/2.7/lib/python2.7</lib>
<lib>/System/Library/Frameworks/Python.framework/Versions/2.7/lib/python2.7/plat-darwin</lib>
<lib>/System/Library/Frameworks/Python.framework/Versions/2.7/lib/python2.7/plat-mac</lib>
<lib>/System/Library/Frameworks/Python.framework/Versions/2.7/lib/python2.7/plat-mac/lib-scriptpackages</lib>
<lib>/System/Library/Frameworks/Python.framework/Versions/2.7/lib/python2.7/lib-tk</lib>
<lib>/System/Library/Frameworks/Python.framework/Versions/2.7/lib/python2.7/lib-dynload</lib>
<lib>/Users/anshul/Library/Python/2.7/lib/python/site-packages</lib>
<lib>/Library/Python/2.7/site-packages</lib>
<lib>/System/Library/Frameworks/Python.framework/Versions/2.7/Extras/lib/python</lib>
<lib>/System/Library/Frameworks/Python.framework/Versions/2.7/Extras/lib/python/PyObjC</lib>
<lib>/Library/Python/2.7/site-packages/pip-20.0.2-py2.7.egg</lib>
<forced_lib>Image</forced_lib>
<forced_lib>OpenGL</forced_lib>
<forced_lib>__builtin__</forced_lib>
<forced_lib>__main__</forced_lib>
<forced_lib>_ast</forced_lib>
<forced_lib>_bisect</forced_lib>
<forced_lib>_bytesio</forced_lib>
<forced_lib>_codecs</forced_lib>
<forced_lib>_codecs_cn</forced_lib>
<forced_lib>_codecs_hk</forced_lib>
<forced_lib>_codecs_iso2022</forced_lib>
<forced_lib>_codecs_jp</forced_lib>
<forced_lib>_codecs_kr</forced_lib>
<forced_lib>_codecs_tw</forced_lib>
<forced_lib>_collections</forced_lib>
<forced_lib>_csv</forced_lib>
<forced_lib>_fileio</forced_lib>
<forced_lib>_functools</forced_lib>
<forced_lib>_heapq</forced_lib>
<forced_lib>_hotshot</forced_lib>
<forced_lib>_json</forced_lib>
<forced_lib>_locale</forced_lib>
<forced_lib>_lsprof</forced_lib>
<forced_lib>_md5</forced_lib>
<forced_lib>_multibytecodec</forced_lib>
<forced_lib>_random</forced_lib>
<forced_lib>_sha</forced_lib>
<forced_lib>_sha256</forced_lib>
<forced_lib>_sha512</forced_lib>
<forced_lib>_sre</forced_lib>
<forced_lib>_struct</forced_lib>
<forced_lib>_subprocess</forced_lib>
<forced_lib>_symtable</forced_lib>
<forced_lib>_warnings</forced_lib>
<forced_lib>_weakref</forced_lib>
<forced_lib>_winreg</forced_lib>
<forced_lib>array</forced_lib>
<forced_lib>audioop</forced_lib>
<forced_lib>binascii</forced_lib>
<forced_lib>cPickle</forced_lib>
<forced_lib>cStringIO</forced_lib>
<forced_lib>cmath</forced_lib>
<forced_lib>cv2</forced_lib>
<forced_lib>datetime</forced_lib>
<forced_lib>email</forced_lib>
<forced_lib>errno</forced_lib>
<forced_lib>exceptions</forced_lib>
<forced_lib>future_builtins</forced_lib>
<forced_lib>gc</forced_lib>
<forced_lib>gi</forced_lib>
<forced_lib>hashlib</forced_lib>
<forced_lib>imageop</forced_lib>
<forced_lib>imp</forced_lib>
<forced_lib>itertools</forced_lib>
<forced_lib>marshal</forced_lib>
<forced_lib>math</forced_lib>
<forced_lib>mmap</forced_lib>
<forced_lib>mock</forced_lib>
<forced_lib>msvcrt</forced_lib>
<forced_lib>multiprocessing</forced_lib>
<forced_lib>mutagen</forced_lib>
<forced_lib>nose</forced_lib>
<forced_lib>nose.tools</forced_lib>
<forced_lib>nt</forced_lib>
<forced_lib>numpy</forced_lib>
<forced_lib>operator</forced_lib>
<forced_lib>os</forced_lib>
<forced_lib>os.path</forced_lib>
<forced_lib>parser</forced_lib>
<forced_lib>posix</forced_lib>
<forced_lib>pwd</forced_lib>
<forced_lib>pytest</forced_lib>
<forced_lib>scipy</forced_lib>
<forced_lib>signal</forced_lib>
<forced_lib>six</forced_lib>
<forced_lib>socket</forced_lib>
<forced_lib>ssl</forced_lib>
<forced_lib>strop</forced_lib>
<forced_lib>sys</forced_lib>
<forced_lib>thread</forced_lib>
<forced_lib>time</forced_lib>
<forced_lib>wx</forced_lib>
<forced_lib>wxPython</forced_lib>
<forced_lib>xxsubtype</forced_lib>
<forced_lib>zipimport</forced_lib>
<forced_lib>zlib</forced_lib>
<string_substitution_var><key>PY</key><value>27</value></string_substitution_var>
</xml>

!STACK 0
java.lang.RuntimeException: - Ok, file is non-null. Getting info on:/usr/bin/python
- Beggining task:Getting libs totalWork:100
- Setting task name:Mounting executable string...
- Setting task name:Executing:  /usr/bin/python -u /Users/anshul/.p2/pool/plugins/org.python.pydev.core_7.5.0.202001101138/pysrc/interpreterInfo.py
- Setting task name:Making pythonpath environment... /usr/bin/python -u /Users/anshul/.p2/pool/plugins/org.python.pydev.core_7.5.0.202001101138/pysrc/interpreterInfo.py
- Setting task name:Making exec... /usr/bin/python -u /Users/anshul/.p2/pool/plugins/org.python.pydev.core_7.5.0.202001101138/pysrc/interpreterInfo.py
- Setting task name:Reading output...
- Setting task name:Waiting for process to finish.
- Setting task name:Process finished.
- Success getting the info. Result:<xml>
<name>python</name>
<version>2.7</version>
<executable>/usr/bin/python</executable>
<lib>/System/Library/Frameworks/Python.framework/Versions/2.7/lib/python2.7</lib>
<lib>/System/Library/Frameworks/Python.framework/Versions/2.7/lib/python2.7/plat-darwin</lib>
<lib>/System/Library/Frameworks/Python.framework/Versions/2.7/lib/python2.7/plat-mac</lib>
<lib>/System/Library/Frameworks/Python.framework/Versions/2.7/lib/python2.7/plat-mac/lib-scriptpackages</lib>
<lib>/System/Library/Frameworks/Python.framework/Versions/2.7/lib/python2.7/lib-tk</lib>
<lib>/System/Library/Frameworks/Python.framework/Versions/2.7/lib/python2.7/lib-dynload</lib>
<lib>/Users/anshul/Library/Python/2.7/lib/python/site-packages</lib>
<lib>/Library/Python/2.7/site-packages</lib>
<lib>/System/Library/Frameworks/Python.framework/Versions/2.7/Extras/lib/python</lib>
<lib>/System/Library/Frameworks/Python.framework/Versions/2.7/Extras/lib/python/PyObjC</lib>
<lib>/Library/Python/2.7/site-packages/pip-20.0.2-py2.7.egg</lib>
<forced_lib>Image</forced_lib>
<forced_lib>OpenGL</forced_lib>
<forced_lib>__builtin__</forced_lib>
<forced_lib>__main__</forced_lib>
<forced_lib>_ast</forced_lib>
<forced_lib>_bisect</forced_lib>
<forced_lib>_bytesio</forced_lib>
<forced_lib>_codecs</forced_lib>
<forced_lib>_codecs_cn</forced_lib>
<forced_lib>_codecs_hk</forced_lib>
<forced_lib>_codecs_iso2022</forced_lib>
<forced_lib>_codecs_jp</forced_lib>
<forced_lib>_codecs_kr</forced_lib>
<forced_lib>_codecs_tw</forced_lib>
<forced_lib>_collections</forced_lib>
<forced_lib>_csv</forced_lib>
<forced_lib>_fileio</forced_lib>
<forced_lib>_functools</forced_lib>
<forced_lib>_heapq</forced_lib>
<forced_lib>_hotshot</forced_lib>
<forced_lib>_json</forced_lib>
<forced_lib>_locale</forced_lib>
<forced_lib>_lsprof</forced_lib>
<forced_lib>_md5</forced_lib>
<forced_lib>_multibytecodec</forced_lib>
<forced_lib>_random</forced_lib>
<forced_lib>_sha</forced_lib>
<forced_lib>_sha256</forced_lib>
<forced_lib>_sha512</forced_lib>
<forced_lib>_sre</forced_lib>
<forced_lib>_struct</forced_lib>
<forced_lib>_subprocess</forced_lib>
<forced_lib>_symtable</forced_lib>
<forced_lib>_warnings</forced_lib>
<forced_lib>_weakref</forced_lib>
<forced_lib>_winreg</forced_lib>
<forced_lib>array</forced_lib>
<forced_lib>audioop</forced_lib>
<forced_lib>binascii</forced_lib>
<forced_lib>cPickle</forced_lib>
<forced_lib>cStringIO</forced_lib>
<forced_lib>cmath</forced_lib>
<forced_lib>cv2</forced_lib>
<forced_lib>datetime</forced_lib>
<forced_lib>email</forced_lib>
<forced_lib>errno</forced_lib>
<forced_lib>exceptions</forced_lib>
<forced_lib>future_builtins</forced_lib>
<forced_lib>gc</forced_lib>
<forced_lib>gi</forced_lib>
<forced_lib>hashlib</forced_lib>
<forced_lib>imageop</forced_lib>
<forced_lib>imp</forced_lib>
<forced_lib>itertools</forced_lib>
<forced_lib>marshal</forced_lib>
<forced_lib>math</forced_lib>
<forced_lib>mmap</forced_lib>
<forced_lib>mock</forced_lib>
<forced_lib>msvcrt</forced_lib>
<forced_lib>multiprocessing</forced_lib>
<forced_lib>mutagen</forced_lib>
<forced_lib>nose</forced_lib>
<forced_lib>nose.tools</forced_lib>
<forced_lib>nt</forced_lib>
<forced_lib>numpy</forced_lib>
<forced_lib>operator</forced_lib>
<forced_lib>os</forced_lib>
<forced_lib>os.path</forced_lib>
<forced_lib>parser</forced_lib>
<forced_lib>posix</forced_lib>
<forced_lib>pwd</forced_lib>
<forced_lib>pytest</forced_lib>
<forced_lib>scipy</forced_lib>
<forced_lib>signal</forced_lib>
<forced_lib>six</forced_lib>
<forced_lib>socket</forced_lib>
<forced_lib>ssl</forced_lib>
<forced_lib>strop</forced_lib>
<forced_lib>sys</forced_lib>
<forced_lib>thread</forced_lib>
<forced_lib>time</forced_lib>
<forced_lib>wx</forced_lib>
<forced_lib>wxPython</forced_lib>
<forced_lib>xxsubtype</forced_lib>
<forced_lib>zipimport</forced_lib>
<forced_lib>zlib</forced_lib>
<string_substitution_var><key>PY</key><value>27</value></string_substitution_var>
</xml>

	at org.python.pydev.core.log.Log.logInfo(Log.java:45)
	at org.python.pydev.ui.pythonpathconf.AutoConfigMaker.applyOperation(AutoConfigMaker.java:191)
	at org.python.pydev.ui.pythonpathconf.AutoConfigMaker.autoConfigSingleApply(AutoConfigMaker.java:128)
	at org.python.pydev.plugin.ConfigureInterpreterJob.runInUIThread(ConfigureInterpreterJob.java:63)
	at org.eclipse.ui.progress.UIJob.lambda$0(UIJob.java:95)
	at org.eclipse.swt.widgets.RunnableLock.run(RunnableLock.java:40)
	at org.eclipse.swt.widgets.Synchronizer.runAsyncMessages(Synchronizer.java:185)
	at org.eclipse.swt.widgets.Display.runAsyncMessages(Display.java:4124)
	at org.eclipse.swt.widgets.Display.readAndDispatch(Display.java:3791)
	at org.eclipse.jface.window.Window.runEventLoop(Window.java:823)
	at org.eclipse.jface.window.Window.open(Window.java:799)
	at org.python.pydev.plugin.preferences.CheckDefaultPreferencesDialog$1.run(CheckDefaultPreferencesDialog.java:244)
	at org.eclipse.swt.widgets.RunnableLock.run(RunnableLock.java:40)
	at org.eclipse.swt.widgets.Synchronizer.runAsyncMessages(Synchronizer.java:185)
	at org.eclipse.swt.widgets.Display.runAsyncMessages(Display.java:4124)
	at org.eclipse.swt.widgets.Display.readAndDispatch(Display.java:3791)
	at org.eclipse.e4.ui.internal.workbench.swt.PartRenderingEngine$5.run(PartRenderingEngine.java:1157)
	at org.eclipse.core.databinding.observable.Realm.runWithDefault(Realm.java:338)
	at org.eclipse.e4.ui.internal.workbench.swt.PartRenderingEngine.run(PartRenderingEngine.java:1046)
	at org.eclipse.e4.ui.internal.workbench.E4Workbench.createAndRunUI(E4Workbench.java:155)
	at org.eclipse.ui.internal.Workbench.lambda$3(Workbench.java:644)
	at org.eclipse.core.databinding.observable.Realm.runWithDefault(Realm.java:338)
	at org.eclipse.ui.internal.Workbench.createAndRunWorkbench(Workbench.java:551)
	at org.eclipse.ui.PlatformUI.createAndRunWorkbench(PlatformUI.java:153)
	at org.eclipse.ui.internal.ide.application.IDEApplication.start(IDEApplication.java:150)
	at org.eclipse.equinox.internal.app.EclipseAppHandle.run(EclipseAppHandle.java:203)
	at org.eclipse.core.runtime.internal.adaptor.EclipseAppLauncher.runApplication(EclipseAppLauncher.java:134)
	at org.eclipse.core.runtime.internal.adaptor.EclipseAppLauncher.start(EclipseAppLauncher.java:104)
	at org.eclipse.core.runtime.adaptor.EclipseStarter.run(EclipseStarter.java:401)
	at org.eclipse.core.runtime.adaptor.EclipseStarter.run(EclipseStarter.java:255)
	at java.base/jdk.internal.reflect.NativeMethodAccessorImpl.invoke0(Native Method)
	at java.base/jdk.internal.reflect.NativeMethodAccessorImpl.invoke(NativeMethodAccessorImpl.java:62)
	at java.base/jdk.internal.reflect.DelegatingMethodAccessorImpl.invoke(DelegatingMethodAccessorImpl.java:43)
	at java.base/java.lang.reflect.Method.invoke(Method.java:567)
	at org.eclipse.equinox.launcher.Main.invokeFramework(Main.java:657)
	at org.eclipse.equinox.launcher.Main.basicRun(Main.java:594)
	at org.eclipse.equinox.launcher.Main.run(Main.java:1465)

!ENTRY org.python.pydev.shared_core 1 1 2020-12-09 20:00:44.755
!MESSAGE Restoring info for: /usr/bin/python
!STACK 0
java.lang.RuntimeException: Restoring info for: /usr/bin/python
	at org.python.pydev.ast.interpreter_managers.AbstractInterpreterManager.getInterpretersFromPersistedString(AbstractInterpreterManager.java:454)
	at org.python.pydev.ast.interpreter_managers.AbstractInterpreterManager.internalRecreateCacheGetInterpreterInfos(AbstractInterpreterManager.java:280)
	at org.python.pydev.ast.interpreter_managers.AbstractInterpreterManager.setInfos(AbstractInterpreterManager.java:577)
	at org.python.pydev.ui.pythonpathconf.AutoConfigMaker$1.run(AutoConfigMaker.java:152)
	at org.eclipse.core.internal.jobs.Worker.run(Worker.java:63)
Caused by: java.io.IOException: Expecting: /Users/anshul/Documents/Python_bot/.metadata/.plugins/org.python.pydev/v1_bm109oo8jsa5gnqmc06ekl12p/modulesKeys to exist (and be a file).
	at org.python.pydev.ast.codecompletion.revisited.ModulesManager.loadFromFile(ModulesManager.java:296)
	at org.python.pydev.ast.codecompletion.revisited.SystemModulesManager.load(SystemModulesManager.java:400)
	at org.python.pydev.ast.interpreter_managers.AbstractInterpreterManager.getInterpretersFromPersistedString(AbstractInterpreterManager.java:452)
	... 4 more

!ENTRY org.python.pydev.shared_core 1 1 2020-12-09 20:00:46.876
!MESSAGE Finished restoring information for: /usr/bin/python at: /Users/anshul/Documents/Python_bot/.metadata/.plugins/org.python.pydev/v1_bm109oo8jsa5gnqmc06ekl12p
!STACK 0
java.lang.RuntimeException: Finished restoring information for: /usr/bin/python at: /Users/anshul/Documents/Python_bot/.metadata/.plugins/org.python.pydev/v1_bm109oo8jsa5gnqmc06ekl12p
	at org.python.pydev.core.log.Log.logInfo(Log.java:45)
	at org.python.pydev.ast.interpreter_managers.AbstractInterpreterManager.getInterpretersFromPersistedString(AbstractInterpreterManager.java:499)
	at org.python.pydev.ast.interpreter_managers.AbstractInterpreterManager.internalRecreateCacheGetInterpreterInfos(AbstractInterpreterManager.java:280)
	at org.python.pydev.ast.interpreter_managers.AbstractInterpreterManager.setInfos(AbstractInterpreterManager.java:577)
	at org.python.pydev.ui.pythonpathconf.AutoConfigMaker$1.run(AutoConfigMaker.java:152)
	at org.eclipse.core.internal.jobs.Worker.run(Worker.java:63)

!ENTRY org.python.pydev.shared_core 4 4 2020-12-09 20:00:47.837
!MESSAGE Info: Rebuilding internal caches: /Users/anshul/Documents/Python_bot/.metadata/.plugins/com.python.pydev.analysis/python_v1_bm109oo8jsa5gnqmc06ekl12p/python.pydevsysteminfo (Expected error to be provided and got no error!)

!ENTRY org.python.pydev.shared_core 4 4 2020-12-09 20:01:01.784
!MESSAGE ERROR reading shell. Message sent: @@CHANGE_PYTHONPATH:%2FSystem%2FLibrary%2FFrameworks%2FPython.framework%2FVersions%2F2.7%2Flib%2Fpython2.7%7C%2FSystem%2FLibrary%2FFrameworks%2FPython.framework%2FVersions%2F2.7%2Flib%2Fpython2.7%2Fplat-darwin%7C%2FSystem%2FLibrary%2FFrameworks%2FPython.framework%2FVersions%2F2.7%2Flib%2Fpython2.7%2Fplat-mac%7C%2FSystem%2FLibrary%2FFrameworks%2FPython.framework%2FVersions%2F2.7%2Flib%2Fpython2.7%2Fplat-mac%2Flib-scriptpackages%7C%2FSystem%2FLibrary%2FFrameworks%2FPython.framework%2FVersions%2F2.7%2Flib%2Fpython2.7%2Flib-tk%7C%2FSystem%2FLibrary%2FFrameworks%2FPython.framework%2FVersions%2F2.7%2Flib%2Fpython2.7%2Flib-dynload%7C%2FUsers%2Fanshul%2FLibrary%2FPython%2F2.7%2Flib%2Fpython%2Fsite-packages%7C%2FLibrary%2FPython%2F2.7%2Fsite-packages%7C%2FSystem%2FLibrary%2FFrameworks%2FPython.framework%2FVersions%2F2.7%2FExtras%2Flib%2Fpython%7C%2FSystem%2FLibrary%2FFrameworks%2FPython.framework%2FVersions%2F2.7%2FExtras%2Flib%2Fpython%2FPyObjC%7C%2FLibrary%2FPython%2F2.7%2Fsite-packages%2Fpip-20.0.2-py2.7.egg
END@@

!STACK 0
java.lang.RuntimeException: The shell is still not connected, so, it is an invalid state to try to write to it.
	at org.python.pydev.ast.codecompletion.shell.AbstractShell.write(AbstractShell.java:535)
	at org.python.pydev.ast.codecompletion.shell.AbstractShell.writeAndGetResults(AbstractShell.java:708)
	at org.python.pydev.ast.codecompletion.shell.AbstractShell.writeAndGetResults(AbstractShell.java:701)
	at org.python.pydev.ast.codecompletion.shell.CompletionsShell.internalChangePythonPath(CompletionsShell.java:44)
	at org.python.pydev.ast.codecompletion.shell.CompletionsShell.getImportCompletions(CompletionsShell.java:62)
	at org.python.pydev.ast.codecompletion.revisited.modules.CompiledModule.createTokensFromServer(CompiledModule.java:378)
	at org.python.pydev.ast.codecompletion.revisited.modules.CompiledModule.<init>(CompiledModule.java:180)
	at org.python.pydev.ast.codecompletion.revisited.SystemModulesManager.getBuiltinModule(SystemModulesManager.java:335)
	at org.python.pydev.ast.codecompletion.revisited.SystemModulesManager.getBuiltinModule(SystemModulesManager.java:1)
	at org.python.pydev.ast.interpreter_managers.AbstractInterpreterManager.getBuiltinMod(AbstractInterpreterManager.java:136)
	at org.python.pydev.ast.interpreter_managers.AbstractInterpreterManager.getBuiltinCompletions(AbstractInterpreterManager.java:108)
	at org.python.pydev.plugin.nature.SystemPythonNature.getBuiltinCompletions(SystemPythonNature.java:306)
	at org.python.pydev.ast.codecompletion.revisited.AbstractASTManager.getBuiltinComps(AbstractASTManager.java:1815)
	at org.python.pydev.ast.codecompletion.revisited.AbstractASTManager.getBuiltinCompletions(AbstractASTManager.java:1803)
	at com.python.pydev.analysis.scopeanalysis.AbstractScopeAnalyzerVisitor.<init>(AbstractScopeAnalyzerVisitor.java:152)
	at com.python.pydev.analysis.scopeanalysis.ScopeAnalyzerVisitorWithoutImports.<init>(ScopeAnalyzerVisitorWithoutImports.java:106)
	at com.python.pydev.analysis.scopeanalysis.ScopeAnalyzerVisitorWithoutImports.<init>(ScopeAnalyzerVisitorWithoutImports.java:94)
	at com.python.pydev.analysis.scopeanalysis.ScopeAnalyzerVisitor.<init>(ScopeAnalyzerVisitor.java:53)
	at com.python.pydev.analysis.refactoring.wizards.rename.AbstractRenameRefactorProcess.getOccurrencesWithScopeAnalyzer(AbstractRenameRefactorProcess.java:280)
	at com.python.pydev.analysis.refactoring.wizards.rename.PyRenameImportProcess.findReferencesToRenameOnLocalScope(PyRenameImportProcess.java:81)
	at com.python.pydev.analysis.refactoring.wizards.rename.AbstractRenameRefactorProcess.findReferencesToRename(AbstractRenameRefactorProcess.java:193)
	at com.python.pydev.analysis.refactoring.wizards.rename.PyRenameImportProcess.findReferencesToRename(PyRenameImportProcess.java:72)
	at com.python.pydev.analysis.refactoring.wizards.rename.PyReferenceSearcher.search(PyReferenceSearcher.java:152)
	at com.python.pydev.refactoring.markoccurrences.MarkOccurrencesJob.createRequest(MarkOccurrencesJob.java:151)
	at org.python.pydev.shared_ui.mark_occurrences.BaseMarkOccurrencesJob.run(BaseMarkOccurrencesJob.java:168)
	at org.eclipse.core.internal.jobs.Worker.run(Worker.java:63)

!ENTRY org.eclipse.ui 2 2 2020-12-09 20:01:04.171
!MESSAGE Invalid preference category path: org.eclipse.mylyn.preferencePages.Mylyn (bundle: org.eclipse.mylyn.context.ui, page: org.eclipse.mylyn.context.ui.preferences)
!SESSION 2020-12-28 14:45:10.517 -----------------------------------------------
eclipse.buildId=4.17.0.I20200902-1800
java.version=12.0.2
java.vendor=Oracle Corporation
BootLoader constants: OS=macosx, ARCH=x86_64, WS=cocoa, NL=en_CA
Framework arguments:  -keyring /Users/anshul/.eclipse_keyring
Command-line arguments:  -os macosx -ws cocoa -arch x86_64 -keyring /Users/anshul/.eclipse_keyring

!ENTRY org.python.pydev.shared_core 4 4 2020-12-28 14:45:48.610
!MESSAGE Info: Rebuilding internal caches: /Users/anshul/Documents/Python_bot/.metadata/.plugins/com.python.pydev.analysis/python_v1_bm109oo8jsa5gnqmc06ekl12p/python.pydevsysteminfo (Expected error to be provided and got no error!)

!ENTRY org.eclipse.oomph.setup.ui 1 0 2020-12-28 14:46:40.806
!MESSAGE Setup tasks were performed during startup.See '/Applications/Eclipse.app/Contents/Eclipse/configuration/org.eclipse.oomph.setup/setup.log' for details
